更新记录

v1.1.17
默认编辑器增加上传附件功能
优化默认编辑器上传图片功能
优化默认编辑器文件上传功能，防止重复上传相同文件浪费网站空间
修复default主题在没有友情链接数据时页面报错的bug
增加上传图片添加水印功能，无需服务器安装图片操作组件
增加默认编辑器设置功能

v1.1.16
修复debug模式下会重复显示已安装主题或插件的bug
打包安装程序时自动生成升级覆盖文件包

v1.1.15
改进了主题和插件的安装和卸载功能，主题和插件在安装之后将使用自定义目录，防止主题和插件文件外泄
增加主题和插件升级功能, 可以使用新版本主题/插件安装包升级主题和插件
将主题和插件的资源文件移动到统一的目录，解决了node版本在安装主题或者插件之后需要重启服务的问题
移除了后台的云平台用户登录功能，后台管理员只允许使用本地用户名和密码登录管理面板
增加了后台登录和解除锁定之后跳转进入登录前页面的功能
移除了发布日志成功之后自动跳转到日志页面的功能
修复了插件自定义参数的bug
修复了hook模块注册时的bug
增加主题和插件多语言支持功能
增加主题和插件文档多语言支持
增加主题和插件文档图片支持
修复网站访问权限无效的bug
修复插件请求处理模块的bug
修复后台导航语言显示的bug
更新fo-pack模块，并统一包文件后缀为.flk
修复主题和插件帮助文档页面显示代码不正常的bug